<?xml version="1.0" encoding="utf-8"?><testsuites name="pytest tests"><testsuite name="pytest" errors="0" failures="0" skipped="0" tests="14" time="1.721" timestamp="2026-05-08T04:45:34.979563+00:00" hostname="agent-env-ea6b6039-0112-42e1-8901-4e910ba5312c"><testcase classname="backend.tests.test_brs_api.TestAuth" name="test_login_brs_ok" time="0.356" /><testcase classname="backend.tests.test_brs_api.TestAuth" name="test_login_admin_ok" time="0.049" /><testcase classname="backend.tests.test_brs_api.TestAuth" name="test_login_invalid_creds" time="0.051" /><testcase classname="backend.tests.test_brs_api.TestAuth" name="test_login_missing_user" time="0.052" /><testcase classname="backend.tests.test_brs_api.TestClientsCRUD" name="test_create_client" time="0.049" /><testcase classname="backend.tests.test_brs_api.TestClientsCRUD" name="test_get_client_after_create" time="0.052" /><testcase classname="backend.tests.test_brs_api.TestClientsCRUD" name="test_list_clients_returns_seeded_and_new" time="0.049" /><testcase classname="backend.tests.test_brs_api.TestClientsCRUD" name="test_update_client" time="0.102" /><testcase classname="backend.tests.test_brs_api.TestClientsCRUD" name="test_search_filters_by_name" time="0.158" /><testcase classname="backend.tests.test_brs_api.TestClientsCRUD" name="test_delete_client" time="0.190" /><testcase classname="backend.tests.test_brs_api.TestClientsCRUD" name="test_get_missing_returns_404" time="0.045" /><testcase classname="backend.tests.test_brs_api.TestClientsCRUD" name="test_update_missing_returns_404" time="0.047" /><testcase classname="backend.tests.test_brs_api.TestReminders" name="test_reminders_only_within_2_days" time="0.208" /><testcase classname="backend.tests.test_brs_api.TestReminders" name="test_cleanup_reminders" time="0.138" /></testsuite></testsuites>